<?xml version="1.0" encoding="UTF-8"?>
<testng-results skipped="0" failed="0" ignored="0" total="1" passed="1">
  <reporter-output>
  </reporter-output>
  <suite name="Default suite" duration-ms="5223" started-at="2021-11-02T13:37:50Z" finished-at="2021-11-02T13:37:55Z">
    <groups>
    </groups>
    <test name="Default test" duration-ms="5223" started-at="2021-11-02T13:37:50Z" finished-at="2021-11-02T13:37:55Z">
      <class name="org.dataproviders.FaceBook">
        <test-method status="PASS" signature="Launch()[pri:0, instance:org.dataproviders.FaceBook@498d318c]" name="Launch" duration-ms="5205" started-at="2021-11-02T19:07:50Z" finished-at="2021-11-02T19:07:55Z">
          <reporter-output>
          </reporter-output>
        </test-method> <!-- Launch -->
      </class> <!-- org.dataproviders.FaceBook -->
    </test> <!-- Default test -->
  </suite> <!-- Default suite -->
</testng-results>
